<testsuite name="main" tests="3" suites="0" errors="0" failures="0" skipped="0" starttime="1380091342909" stoptime="1380091410363" timestamp="2013-09-25T14:42:22" time="67.450">
	<testcase name="login.mt[username='aa' pwd='123aa']" starttime="1380091342909" stoptime="1380091365467" time="22.558" />
	<testcase name="login.mt[username='bb' pwd='123']" starttime="1380091365469" stoptime="1380091387947" time="22.478" />
	<testcase name="login.mt[username='ccc' pwd='34d']" starttime="1380091387949" stoptime="1380091410363" time="22.414" />
</testsuite>